<?xml version="1.0" encoding="UTF-8"?>
<!-- Generated by org.testng.reporters.JUnitXMLReporter -->
<testsuite hostname="DESKTOP-SE29K3A" ignored="0" name="Command line test e151555c-5b43-49e3-b320-282fdefa835f" tests="1" failures="1" timestamp="15 Jun 2021 11:59:06 GMT" time="37.475" errors="0">
  <testcase name="tc" time="26.124" classname="org.testing.TestScripts.TC1">
    <failure type="java.lang.AssertionError" message="expected [https://www.youtube.com] but found [https://www.youtube.com/]">
      <![CDATA[java.lang.AssertionError: expected [https://www.youtube.com] but found [https://www.youtube.com/]
at org.testing.TestScripts.TC1.tc(TC1.java:45)
at org.testing.runner.Runner.main(Runner.java:69)
... Removed 28 stack frames]]>
    </failure>
  </testcase> <!-- tc -->
</testsuite> <!-- Command line test e151555c-5b43-49e3-b320-282fdefa835f -->
