<?xml version="1.0" encoding="UTF-8"?>
<testng-results skipped="0" failed="0" ignored="0" total="1" passed="1">
  <reporter-output>
  </reporter-output>
  <suite name="Default suite" duration-ms="57274" started-at="2021-06-23T18:11:54Z" finished-at="2021-06-23T18:12:51Z">
    <groups>
    </groups>
    <test name="Default test" duration-ms="57274" started-at="2021-06-23T18:11:54Z" finished-at="2021-06-23T18:12:51Z">
      <class name="org.testing.TestScripts.TC1">
        <test-method status="PASS" signature="initialization()[pri:0, instance:org.testing.TestScripts.TC1@11758f2a]" name="initialization" is-config="true" duration-ms="16304" started-at="2021-06-23T18:11:54Z" finished-at="2021-06-23T18:12:11Z">
          <reporter-output>
          </reporter-output>
        </test-method> <!-- initialization -->
        <test-method status="PASS" signature="tc()[pri:0, instance:org.testing.TestScripts.TC1@11758f2a]" name="tc" duration-ms="40629" started-at="2021-06-23T18:12:11Z" finished-at="2021-06-23T18:12:51Z">
          <reporter-output>
          </reporter-output>
        </test-method> <!-- tc -->
        <test-method status="PASS" signature="cc()[pri:0, instance:org.testing.TestScripts.TC1@11758f2a]" name="cc" is-config="true" duration-ms="272" started-at="2021-06-23T18:12:51Z" finished-at="2021-06-23T18:12:51Z">
          <reporter-output>
          </reporter-output>
        </test-method> <!-- cc -->
      </class> <!-- org.testing.TestScripts.TC1 -->
    </test> <!-- Default test -->
  </suite> <!-- Default suite -->
</testng-results>
